<?xml version="1.0" encoding="UTF-8"?>
<testsuite xmlns:xsi="http://www.w3.org/2001/XMLSchema-instance" xsi:noNamespaceSchemaLocation="https://maven.apache.org/surefire/maven-surefire-plugin/xsd/surefire-test-report.xsd" name="test.java.HelloworldUnitTest" time="0.079" tests="1" errors="0" skipped="0" failures="0">
  <properties>
    <property name="gopherProxySet" value="false"/>
    <property name="awt.toolkit" value="sun.lwawt.macosx.LWCToolkit"/>
    <property name="java.specification.version" value="11"/>
    <property name="sun.cpu.isalist" value=""/>
    <property name="sun.jnu.encoding" value="UTF-8"/>
    <property name="java.class.path" value="/Users/mingfangniclot/Documents/0_EPSI/MSPR/MSPR-application/dev/goSecuri/target/test-classes:/Users/mingfangniclot/Documents/0_EPSI/MSPR/MSPR-application/dev/goSecuri/target/classes:/Users/mingfangniclot/.m2/repository/junit/junit/4.13.2/junit-4.13.2.jar:/Users/mingfangniclot/.m2/repository/org/hamcrest/hamcrest-core/1.3/hamcrest-core-1.3.jar:"/>
    <property name="java.vm.vendor" value="Eclipse Adoptium"/>
    <property name="sun.arch.data.model" value="64"/>
    <property name="java.vendor.url" value="https://adoptium.net/"/>
    <property name="user.timezone" value=""/>
    <property name="java.vm.specification.version" value="11"/>
    <property name="os.name" value="Mac OS X"/>
    <property name="sun.java.launcher" value="SUN_STANDARD"/>
    <property name="user.country" value="FR"/>
    <property name="sun.boot.library.path" value="/Users/mingfangniclot/Library/Java/JavaVirtualMachines/temurin-11.0.13/Contents/Home/lib"/>
    <property name="sun.java.command" value="/Users/mingfangniclot/Documents/0_EPSI/MSPR/MSPR-application/dev/goSecuri/target/surefire/surefirebooter8889841590188736734.jar /Users/mingfangniclot/Documents/0_EPSI/MSPR/MSPR-application/dev/goSecuri/target/surefire 2022-01-28T16-13-06_543-jvmRun1 surefire4673355890382974874tmp surefire_08788062095036266687tmp"/>
    <property name="http.nonProxyHosts" value="local|*.local|169.254/16|*.169.254/16"/>
    <property name="jdk.debug" value="release"/>
    <property name="surefire.test.class.path" value="/Users/mingfangniclot/Documents/0_EPSI/MSPR/MSPR-application/dev/goSecuri/target/test-classes:/Users/mingfangniclot/Documents/0_EPSI/MSPR/MSPR-application/dev/goSecuri/target/classes:/Users/mingfangniclot/.m2/repository/junit/junit/4.13.2/junit-4.13.2.jar:/Users/mingfangniclot/.m2/repository/org/hamcrest/hamcrest-core/1.3/hamcrest-core-1.3.jar:"/>
    <property name="sun.cpu.endian" value="little"/>
    <property name="user.home" value="/Users/mingfangniclot"/>
    <property name="user.language" value="fr"/>
    <property name="java.specification.vendor" value="Oracle Corporation"/>
    <property name="java.version.date" value="2021-10-19"/>
    <property name="java.home" value="/Users/mingfangniclot/Library/Java/JavaVirtualMachines/temurin-11.0.13/Contents/Home"/>
    <property name="file.separator" value="/"/>
    <property name="basedir" value="/Users/mingfangniclot/Documents/0_EPSI/MSPR/MSPR-application/dev/goSecuri"/>
    <property name="java.vm.compressedOopsMode" value="Zero based"/>
    <property name="line.separator" value="&#10;"/>
    <property name="java.specification.name" value="Java Platform API Specification"/>
    <property name="java.vm.specification.vendor" value="Oracle Corporation"/>
    <property name="java.awt.graphicsenv" value="sun.awt.CGraphicsEnvironment"/>
    <property name="surefire.real.class.path" value="/Users/mingfangniclot/Documents/0_EPSI/MSPR/MSPR-application/dev/goSecuri/target/surefire/surefirebooter8889841590188736734.jar"/>
    <property name="sun.management.compiler" value="HotSpot 64-Bit Tiered Compilers"/>
    <property name="ftp.nonProxyHosts" value="local|*.local|169.254/16|*.169.254/16"/>
    <property name="java.runtime.version" value="11.0.13+8"/>
    <property name="user.name" value="mingfangniclot"/>
    <property name="path.separator" value=":"/>
    <property name="os.version" value="12.1"/>
    <property name="java.runtime.name" value="OpenJDK Runtime Environment"/>
    <property name="file.encoding" value="UTF-8"/>
    <property name="java.vm.name" value="OpenJDK 64-Bit Server VM"/>
    <property name="java.vendor.version" value="Temurin-11.0.13+8"/>
    <property name="localRepository" value="/Users/mingfangniclot/.m2/repository"/>
    <property name="java.vendor.url.bug" value="https://github.com/adoptium/adoptium-support/issues"/>
    <property name="java.io.tmpdir" value="/var/folders/nt/60xmw7pj21ddckxkspldvqph0000gn/T/"/>
    <property name="idea.version" value="2021.3.1"/>
    <property name="java.version" value="11.0.13"/>
    <property name="user.dir" value="/Users/mingfangniclot/Documents/0_EPSI/MSPR/MSPR-application/dev/goSecuri"/>
    <property name="os.arch" value="x86_64"/>
    <property name="java.vm.specification.name" value="Java Virtual Machine Specification"/>
    <property name="java.awt.printerjob" value="sun.lwawt.macosx.CPrinterJob"/>
    <property name="sun.os.patch.level" value="unknown"/>
    <property name="java.library.path" value="/Users/mingfangniclot/Library/Java/Extensions:/Library/Java/Extensions:/Network/Library/Java/Extensions:/System/Library/Java/Extensions:/usr/lib/java:."/>
    <property name="java.vm.info" value="mixed mode"/>
    <property name="java.vendor" value="Eclipse Adoptium"/>
    <property name="java.vm.version" value="11.0.13+8"/>
    <property name="sun.io.unicode.encoding" value="UnicodeBig"/>
    <property name="java.class.version" value="55.0"/>
    <property name="socksNonProxyHosts" value="local|*.local|169.254/16|*.169.254/16"/>
  </properties>
  <testcase name="testFindMax" classname="test.java.HelloworldUnitTest" time="0.011"/>
</testsuite>